<?xml version="1.0" encoding="UTF-8"?>
<testsuite xmlns:xsi="http://www.w3.org/2001/XMLSchema-instance" xsi:noNamespaceSchemaLocation="https://maven.apache.org/surefire/maven-surefire-plugin/xsd/surefire-test-report-3.0.xsd" version="3.0" name="com.moeln.services.UserServiceTest" time="0.069" tests="2" errors="0" skipped="0" failures="0">
  <properties>
[...]
</properties>
  <testcase name="testFindUserNameById" classname="com.moeln.services.UserServiceTest" time="0.037"/>
  <testcase name="testFindUserNameById_01" classname="com.moeln.services.UserServiceTest" time="0.001"/>
</testsuite>